Determining if the pthread_create exist failed with the following output:
Change Dir: /home/nandakishor/hector_slam/hector_geotiff/build/catkin_tools_prebuild/CMakeFiles/CMakeTmp

Run Build Command:"/usr/bin/make" "cmTC_9e504/fast"
/usr/bin/make -f CMakeFiles/cmTC_9e504.dir/build.make CMakeFiles/cmTC_9e504.dir/build
make[1]: Entering directory '/home/nandakishor/hector_slam/hector_geotiff/build/catkin_tools_prebuild/CMakeFiles/CMakeTmp'
Building C object CMakeFiles/cmTC_9e504.dir/CheckSymbolExists.c.o
/usr/bin/cc    -o CMakeFiles/cmTC_9e504.dir/CheckSymbolExists.c.o   -c /home/nandakishor/hector_slam/hector_geotiff/build/catkin_tools_prebuild/CMakeFiles/CMakeTmp/CheckSymbolExists.c
Linking C executable cmTC_9e504
/usr/bin/cmake -E cmake_link_script CMakeFiles/cmTC_9e504.dir/link.txt --verbose=1
/usr/bin/cc      -rdynamic CMakeFiles/cmTC_9e504.dir/CheckSymbolExists.c.o  -o cmTC_9e504 
CMakeFiles/cmTC_9e504.dir/CheckSymbolExists.c.o: In function `main':
CheckSymbolExists.c:(.text+0x14): undefined reference to `pthread_create'
CheckSymbolExists.c:(.text+0x18): undefined reference to `pthread_create'
collect2: error: ld returned 1 exit status
CMakeFiles/cmTC_9e504.dir/build.make:97: recipe for target 'cmTC_9e504' failed
make[1]: *** [cmTC_9e504] Error 1
make[1]: Leaving directory '/home/nandakishor/hector_slam/hector_geotiff/build/catkin_tools_prebuild/CMakeFiles/CMakeTmp'
Makefile:126: recipe for target 'cmTC_9e504/fast' failed
make: *** [cmTC_9e504/fast] Error 2

File /home/nandakishor/hector_slam/hector_geotiff/build/catkin_tools_prebuild/CMakeFiles/CMakeTmp/CheckSymbolExists.c:
/* */
#include <pthread.h>

int main(int argc, char** argv)
{
  (void)argv;
#ifndef pthread_create
  return ((int*)(&pthread_create))[argc];
#else
  (void)argc;
  return 0;
#endif
}

Determining if the function pthread_create exists in the pthreads failed with the following output:
Change Dir: /home/nandakishor/hector_slam/hector_geotiff/build/catkin_tools_prebuild/CMakeFiles/CMakeTmp

Run Build Command:"/usr/bin/make" "cmTC_753aa/fast"
/usr/bin/make -f CMakeFiles/cmTC_753aa.dir/build.make CMakeFiles/cmTC_753aa.dir/build
make[1]: Entering directory '/home/nandakishor/hector_slam/hector_geotiff/build/catkin_tools_prebuild/CMakeFiles/CMakeTmp'
Building C object CMakeFiles/cmTC_753aa.dir/CheckFunctionExists.c.o
/usr/bin/cc   -DCHECK_FUNCTION_EXISTS=pthread_create   -o CMakeFiles/cmTC_753aa.dir/CheckFunctionExists.c.o   -c /usr/share/cmake-3.10/Modules/CheckFunctionExists.c
Linking C executable cmTC_753aa
/usr/bin/cmake -E cmake_link_script CMakeFiles/cmTC_753aa.dir/link.txt --verbose=1
/usr/bin/cc  -DCHECK_FUNCTION_EXISTS=pthread_create    -rdynamic CMakeFiles/cmTC_753aa.dir/CheckFunctionExists.c.o  -o cmTC_753aa -lpthreads 
/usr/bin/ld: cannot find -lpthreads
collect2: error: ld returned 1 exit status
CMakeFiles/cmTC_753aa.dir/build.make:97: recipe for target 'cmTC_753aa' failed
make[1]: *** [cmTC_753aa] Error 1
make[1]: Leaving directory '/home/nandakishor/hector_slam/hector_geotiff/build/catkin_tools_prebuild/CMakeFiles/CMakeTmp'
Makefile:126: recipe for target 'cmTC_753aa/fast' failed
make: *** [cmTC_753aa/fast] Error 2


